Ignoring wrong pointing object 6 0 (offset 0)
Ignoring wrong pointing object 8 0 (offset 0)
Ignoring wrong pointing object 10 0 (offset 0)
Ignoring wrong pointing object 12 0 (offset 0)
Ignoring wrong pointing object 23 0 (offset 0)
Ignoring wrong pointing object 31 0 (offset 0)
Ignoring wrong pointing object 39 0 (offset 0)
Ignoring wrong pointing object 41 0 (offset 0)
Ignoring wrong pointing object 43 0 (offset 0)
Ignoring wrong pointing object 64 0 (offset 0)
Ignoring wrong pointing object 69 0 (offset 0)
Ignoring wrong pointing object 74 0 (offset 0)
Ignoring wrong pointing object 76 0 (offset 0)
Ignoring wrong pointing object 91 0 (offset 0)
Ignoring wrong pointing object 115 0 (offset 0)
Ignoring wrong pointing object 145 0 (offset 0)
Ignoring wrong pointing object 147 0 (offset 0)
Ignoring wrong pointing object 210 0 (offset 0)
[discover] scanning seed URLs...
[discover] found 27 candidate PDFs
[download] (1/27) https://www.insidecotton.com/sites/default/files/article-files/UNE1605%20FINAL%20REPORT%20Executive%20Summary%20Only_0.pdf
[download] (2/27) https://www.insidecotton.com/sites/default/files/article-files/UNSW1901_Hons_Thesis.pdf
[download] (3/27) https://www.insidecotton.com/sites/default/files/article-files/RIRDC1901_RSHA03_2020_WHS_Overlaps_Summary.pdf
[download] (4/27) https://www.insidecotton.com/sites/default/files/article-files/CGA2006_Grassroots_Grant_Final_Report_%25281%2529.pdf
[download] (5/27) https://www.insidecotton.com/sites/default/files/article-files/USQ1801%20Contextualising%20the%20Future%20of%20Work%20in%20the%20Cotton%20Industry%20FINAL%2020220228.pdf
[download] (6/27) https://www.insidecotton.com/sites/default/files/article-files/NLP2103_QUT_Final_Report_%25283%2529.pdf
[download] (7/27) https://www.insidecotton.com/sites/default/files/article-files/ANU1901_Milestone4-3_Namoi_MAR_FinalReport_17Dec21.pdf
[download] (8/27) https://www.insidecotton.com/sites/default/files/article-files/ANU1901_Milestone4-2_Gilbert_MAR_FinalReport_17Dec21.pdf
[download] (9/27) https://www.insidecotton.com/sites/default/files/article-files/RIRDC2202%20RSHA%20Mobile%20plant%20research%20pack%20FINAL.pdf
[download] (10/27) https://www.insidecotton.com/sites/default/files/article-files/CSD2201%20Final%20Report.pdf
[download] (11/27) https://www.insidecotton.com/sites/default/files/article-files/UTS1901%20PhD%20Thesis%20FINAL.pdf
[download] (12/27) https://www.insidecotton.com/sites/default/files/article-files/DAN1801%20Technical%20report.pdf
[download] (13/27) https://www.insidecotton.com/sites/default/files/article-files/DAQ2001%20final%20report.pdf
[download] (14/27) https://www.insidecotton.com/sites/default/files/article-files/GRDC2001%20Boosting%20Diagnostics%20FINAL%20report%20for%20publishing%20-%20Updated%2006Aug2024.pdf
[download] (15/27) https://www.insidecotton.com/sites/default/files/article-files/DAN2004%20Final%20project%20report.pdf
[download] (16/27) https://www.insidecotton.com/sites/default/files/article-files/CSP2302%20Travel%20Tim%20Weaver%20Final%20Report.pdf
[download] (17/27) https://www.insidecotton.com/sites/default/files/article-files/CRDC2210%20Fourth%20Environmental%20Assessment%20of%20the%20Australian%20Cotton%20Industry%20Final.pdf
[download] (18/27) https://www.insidecotton.com/sites/default/files/article-files/DAQ%2010367%20SMALL%20GRANT%20REPORT.pdf
[download] (19/27) https://www.insidecotton.com/sites/default/files/article-files/CSIRO%2010628%20Final%20Tech%20Report%20and%20Executive%20summary%20%282%29.pdf
[download] (20/27) https://www.insidecotton.com/sites/default/files/article-files/CRDC2009%20Final%20Report.pdf
[download] (21/27) https://www.insidecotton.com/sites/default/files/article-files/GRDC%2011387%20Ex%20Summary%20Report.pdf
[download] (22/27) https://www.insidecotton.com/sites/default/files/article-files/DAQ%2010015%20Final%20report%20combined.pdf
[download] (23/27) https://www.insidecotton.com/sites/default/files/article-files/CA%2010895%20Final%20Report%20Executive%20Summary%20%282%29.pdf
[download] (24/27) https://www.insidecotton.com/sites/default/files/article-files/ARLF%2011459%20TRAIL%20Program%20Report%202025%20Sharna%20Holman.pdf
[download] (25/27) https://www.insidecotton.com/sites/default/files/article-files/CCA%202202%20Final%20Report.pdf
[download] (26/27) https://www.insidecotton.com/sites/default/files/article-files/GRDC%2010612%20Final%20Report%20%281%29.pdf
[download] (27/27) https://www.insidecotton.com/sites/default/files/article-files/AE%2011522%20Final%20Report.pdf
[store] writing 27 records
[done] ingestion complete.
